<?xml version="1.0" encoding="UTF-8"?>
<testsuite xmlns:xsi="http://www.w3.org/2001/XMLSchema-instance" xsi:noNamespaceSchemaLocation="https://maven.apache.org/surefire/maven-surefire-plugin/xsd/surefire-test-report-3.0.xsd" version="3.0" name="com.runner.TestRunner" time="63.609" tests="3" errors="0" skipped="0" failures="0">
  <properties>
[...]
</properties>
  <testcase name="runScenario[&quot;User Registration&quot;, &quot;Optional[Registration]&quot;](1)" classname="com.runner.TestRunner" time="21.347">
    <system-out><![CDATA[
@tagRegister @tag1
Scenario: User Registration                 &amp#27;[90m# src/test/resources/Features/1.Registration.feature:24&amp#27;[0m
user has opened Application
  &amp#27;[32mGiven &amp#27;[0m&amp#27;[32muser has opened Application&amp#27;[0m         &amp#27;[90m# stepDefinitions.AllSteps.user_has_opened_Application()&amp#27;[0m
user opens Home page
  &amp#27;[32mWhen &amp#27;[0m&amp#27;[32muser opens Home page&amp#27;[0m                 &amp#27;[90m# stepDefinitions.AllSteps.user_opens_Home_page()&amp#27;[0m
user should be navigated to home page
  &amp#27;[32mAnd &amp#27;[0m&amp#27;[32muser should be navigated to home page&amp#27;[0m &amp#27;[90m# stepDefinitions.AllSteps.user_should_be_navigated_to_home_page()&amp#27;[0m
user has opened login page
  &amp#27;[32mAnd &amp#27;[0m&amp#27;[32muser has opened login page&amp#27;[0m            &amp#27;[90m# stepDefinitions.AllSteps.user_has_opened_login_page()&amp#27;[0m
user opts to register
  &amp#27;[32mWhen &amp#27;[0m&amp#27;[32muser opts to register&amp#27;[0m                &amp#27;[90m# stepDefinitions.AllSteps.user_opts_to_register()&amp#27;[0m
user enters details required
  &amp#27;[32mAnd &amp#27;[0m&amp#27;[32muser enters details&amp#27;[0m                   &amp#27;[90m# stepDefinitions.AllSteps.user_enters_details()&amp#27;[0m
user enter sign up button
  &amp#27;[32mAnd &amp#27;[0m&amp#27;[32muser enter sign up button&amp#27;[0m             &amp#27;[90m# stepDefinitions.AllSteps.user_enter_sign_up_button()&amp#27;[0m
user sign up successfully
  &amp#27;[32mThen &amp#27;[0m&amp#27;[32muser sign up successfully&amp#27;[0m            &amp#27;[90m# stepDefinitions.AllSteps.user_sign_up_successfully()&amp#27;[0m
]]></system-out>
    <system-err><![CDATA[Starting ChromeDriver 95.0.4638.69 (6a1600ed572fedecd573b6c2b90a22fe6392a410-refs/branch-heads/4638@{#984}) on port 23247
Only local connections are allowed.
Please see https://chromedriver.chromium.org/security-considerations for suggestions on keeping ChromeDriver safe.
ChromeDriver was started successfully.
[1640525371.221][WARNING]: This version of ChromeDriver has not been tested with Chrome version 96.
Dec 26, 2021 6:59:31 PM org.openqa.selenium.remote.ProtocolHandshake createSession
INFO: Detected dialect: W3C
]]></system-err>
  </testcase>
  <testcase name="runScenario[&quot;Login&quot;, &quot;Optional[Login]&quot;](2)" classname="com.runner.TestRunner" time="10.821">
    <system-out><![CDATA[
@tagLogin @tag1
Scenario: Login                                 &amp#27;[90m# src/test/resources/Features/2.Login.feature:24&amp#27;[0m
user has on registration confirmed page
  &amp#27;[32mGiven &amp#27;[0m&amp#27;[32muser has on registration confirmed page&amp#27;[0m &amp#27;[90m# stepDefinitions.AllSteps.user_has_on_registration_confirmed_page()&amp#27;[0m
user clicks on login page
  &amp#27;[32mWhen &amp#27;[0m&amp#27;[32muser clicks on login page&amp#27;[0m                &amp#27;[90m# stepDefinitions.AllSteps.user_clicks_on_login_page()&amp#27;[0m
user enter login details
  &amp#27;[32mAnd &amp#27;[0m&amp#27;[32muser enter login details&amp#27;[0m                  &amp#27;[90m# stepDefinitions.AllSteps.user_enter_login_details()&amp#27;[0m
user logged in
  &amp#27;[32mThen &amp#27;[0m&amp#27;[32muser logged in&amp#27;[0m                           &amp#27;[90m# stepDefinitions.AllSteps.user_logged_in()&amp#27;[0m
]]></system-out>
  </testcase>
  <testcase name="runScenario[&quot;Booking&quot;, &quot;Optional[Booking]&quot;](3)" classname="com.runner.TestRunner" time="27.479">
    <system-out><![CDATA[
@tagBooking @tag1
Scenario: Booking                                                            &amp#27;[90m# src/test/resources/Features/3.Booking.feature:24&amp#27;[0m
User is on dashboard
  &amp#27;[32mGiven &amp#27;[0m&amp#27;[32mUser is on dashboard&amp#27;[0m                                                 &amp#27;[90m# stepDefinitions.AllSteps.user_is_on_dashboard()&amp#27;[0m
user clicks home
  &amp#27;[32mWhen &amp#27;[0m&amp#27;[32muser clicks home&amp#27;[0m                                                      &amp#27;[90m# stepDefinitions.AllSteps.user_clicks_home()&amp#27;[0m
user selects bangalore as from place
user selects hyderabad as to place
  &amp#27;[32mAnd &amp#27;[0m&amp#27;[32muser selects bangalore as from place and selects hyderabad as to place&amp#27;[0m &amp#27;[90m# stepDefinitions.AllSteps.user_selects_bangalore_as_from_place()&amp#27;[0m
user clicks submit button
  &amp#27;[32mAnd &amp#27;[0m&amp#27;[32muser clicks submit button&amp#27;[0m                                              &amp#27;[90m# stepDefinitions.AllSteps.user_clicks_submit_button()&amp#27;[0m
user clicks Book flight button
  &amp#27;[32mAnd &amp#27;[0m&amp#27;[32muser clicks Book flight button&amp#27;[0m                                         &amp#27;[90m# stepDefinitions.AllSteps.user_clicks_Book_flight_button()&amp#27;[0m
user clicks complete bookings button
  &amp#27;[32mAnd &amp#27;[0m&amp#27;[32muser clicks complete bookings button&amp#27;[0m                                   &amp#27;[90m# stepDefinitions.AllSteps.user_clicks_complete_bookings_button()&amp#27;[0m
user clicks see your bookings button
  &amp#27;[32mAnd &amp#27;[0m&amp#27;[32muser clicks see your bookings button&amp#27;[0m                                   &amp#27;[90m# stepDefinitions.AllSteps.user_clicks_see_your_bookings_button()&amp#27;[0m
user see the flyaway bookings
  &amp#27;[32mThen &amp#27;[0m&amp#27;[32muser see the flyaway bookings&amp#27;[0m                                         &amp#27;[90m# stepDefinitions.AllSteps.user_see_the_flyaway_bookings()&amp#27;[0m
]]></system-out>
  </testcase>
</testsuite>