<?xml version="1.0" encoding="UTF-8"?>
<testsuite xmlns:xsi="http://www.w3.org/2001/XMLSchema-instance" xsi:noNamespaceSchemaLocation="https://maven.apache.org/surefire/maven-surefire-plugin/xsd/surefire-test-report-3.0.xsd" version="3.0" name="com.runner.TestRunner" time="58.766" tests="3" errors="0" skipped="0" failures="0">
  <properties>
[...]
</properties>
  <testcase name="User Registration" classname="Registration" time="20.761">
    <system-out><![CDATA[user has opened Application
&amp#27;[32m.&amp#27;[0muser opens Home page
&amp#27;[32m.&amp#27;[0muser should be navigated to home page
&amp#27;[32m.&amp#27;[0muser has opened login page
&amp#27;[32m.&amp#27;[0muser opts to register
&amp#27;[32m.&amp#27;[0muser enters details required
&amp#27;[32m.&amp#27;[0muser enter sign up button
&amp#27;[32m.&amp#27;[0muser sign up successfully
&amp#27;[32m.&amp#27;[0m]]></system-out>
    <system-err><![CDATA[Starting ChromeDriver 95.0.4638.69 (6a1600ed572fedecd573b6c2b90a22fe6392a410-refs/branch-heads/4638@{#984}) on port 21792
Only local connections are allowed.
Please see https://chromedriver.chromium.org/security-considerations for suggestions on keeping ChromeDriver safe.
ChromeDriver was started successfully.
[1640455087.053][WARNING]: This version of ChromeDriver has not been tested with Chrome version 96.
Dec 25, 2021 11:28:07 PM org.openqa.selenium.remote.ProtocolHandshake createSession
INFO: Detected dialect: W3C
]]></system-err>
  </testcase>
  <testcase name="Login" classname="Login" time="10.687">
    <system-out><![CDATA[user has on registration confirmed page
&amp#27;[32m.&amp#27;[0muser clicks on login page
&amp#27;[32m.&amp#27;[0muser enter login details
&amp#27;[32m.&amp#27;[0m]]></system-out>
  </testcase>
  <testcase name="Booking" classname="Booking" time="26.826">
    <system-out><![CDATA[User is on dashboard
&amp#27;[32m.&amp#27;[0muser clicks home
&amp#27;[32m.&amp#27;[0muser selects bangalore as from place
&amp#27;[32m.&amp#27;[0muser selects hyderabad as to place
&amp#27;[32m.&amp#27;[0muser clicks submit button
&amp#27;[32m.&amp#27;[0muser clicks Book flight button
&amp#27;[32m.&amp#27;[0muser clicks complete bookings button
&amp#27;[32m.&amp#27;[0muser clicks see your bookings button
&amp#27;[32m.&amp#27;[0muser see the flyaway bookings
&amp#27;[32m.&amp#27;[0m]]></system-out>
  </testcase>
</testsuite>